<?xml version="1.0" encoding="UTF-8"?>
<testng-results ignored="0" total="1" passed="1" failed="0" skipped="0">
  <reporter-output>
  </reporter-output>
  <suite started-at="2021-09-13T12:21:28 IST" name="Suite" finished-at="2021-09-13T12:21:57 IST" duration-ms="29014">
    <groups>
    </groups>
    <test started-at="2021-09-13T12:21:28 IST" name="Test" finished-at="2021-09-13T12:21:57 IST" duration-ms="29014">
      <class name="Login">
        <test-method signature="launchBrowser()[pri:0, instance:Login@506ae4d4]" started-at="2021-09-13T12:21:28 IST" name="launchBrowser" finished-at="2021-09-13T12:21:57 IST" duration-ms="28903" status="PASS">
          <reporter-output>
          </reporter-output>
        </test-method> <!-- launchBrowser -->
      </class> <!-- Login -->
    </test> <!-- Test -->
  </suite> <!-- Suite -->
</testng-results>
